[2025-11-10 16:53:42,351][main][INFO] - 
==================================================
[2025-11-10 16:53:42,353][main][INFO] - ⚙ Текущая конфигурация Hydra:
dataset:
  _target_: src.dataset.FoodDataset
  data_path: ./data/food11
transforms:
  _target_: src.transforms.Transforms_v1
  mean: (0.485, 0.456, 0.406)
  std: (0.229, 0.224, 0.225)
  resize: (224, 224)
dataloader:
  _target_: src.dataloader.BaseDataLoader
  batch_size: 64
  shuffle: true
  num_workers: 2
  pin_memory: true
train:
  num_epoch: 60
model:
  _target_: src.model.ResNet
  num_classes: 43
load_dataset:
  data_path: ./data/food11
  download_path: ./data
  name: imbikramsaha/food11
metrics:
  _target_: src.metrics.ClassificationMetrics
  num_classes: 43
optimizer:
  _target_: src.optimizer.AdamWOptimizer
  lr: 0.0001
  weight_decay: 0.001
scheduler:
  _target_: src.scheduler.ReduceLROnPlateauScheduler
  mode: min
  factor: 0.7
  patience: 8
  threshold: 0.0001
  min_lr: 1.0e-07
seed: 42
experiment:
  name: exp4
  log_dir: experiments/${experiment.name}/
  tb_log_dir: runs/${experiment.name}
  best_model_save_path: experiments/${experiment.name}/models/best_model.pth
  last_model: experiments/exp2/models/best_model.pth

[2025-11-10 16:53:42,353][main][INFO] - ==================================================

[2025-11-10 16:53:42,356][load_data][INFO] - ✅ Датасет уже существует по пути: data/food11
[2025-11-10 16:54:09,113][train][INFO] - 📊 TensorBoard logging to: runs/exp4
[2025-11-10 16:54:12,843][train][INFO] - ✅ Model graph logged to TensorBoard
[2025-11-10 16:54:12,852][train][INFO] - 📌 Model device: cuda:0
[2025-11-10 16:54:12,853][train][INFO] - 📌 Batch device: cuda
[2025-11-10 16:54:12,853][train][INFO] - Epoch 1/60
[2025-11-10 16:55:58,204][train][INFO] - 📊 LR: 1.00e-04, Train Loss: 0.7540
[2025-11-10 16:56:11,931][train][INFO] - Val Loss: 0.7844 | accuracy: 0.7478 | precision: 0.7512 | recall: 0.7473 | f1: 0.7459
[2025-11-10 16:56:11,970][train][INFO] - 🏆 New best model! Val Loss: 0.7844
[2025-11-10 16:56:15,595][train][INFO] - Epoch 2/60
[2025-11-10 16:57:58,292][train][INFO] - 📊 LR: 1.00e-04, Train Loss: 0.7407
[2025-11-10 16:58:11,512][train][INFO] - Val Loss: 0.8128 | accuracy: 0.7344 | precision: 0.7582 | recall: 0.7342 | f1: 0.7354
[2025-11-10 16:58:11,513][train][INFO] - ⏳ No improvement for 1/12 epochs
[2025-11-10 16:58:11,513][train][INFO] - Epoch 3/60
[2025-11-10 16:59:56,672][train][INFO] - 📊 LR: 1.00e-04, Train Loss: 0.7378
[2025-11-10 17:00:09,973][train][INFO] - Val Loss: 0.8784 | accuracy: 0.7172 | precision: 0.7574 | recall: 0.7168 | f1: 0.7212
[2025-11-10 17:00:09,974][train][INFO] - ⏳ No improvement for 2/12 epochs
[2025-11-10 17:00:09,975][train][INFO] - Epoch 4/60
[2025-11-10 17:01:54,127][train][INFO] - 📊 LR: 1.00e-04, Train Loss: 0.7263
[2025-11-10 17:02:07,425][train][INFO] - Val Loss: 0.8958 | accuracy: 0.6956 | precision: 0.7361 | recall: 0.6914 | f1: 0.6926
[2025-11-10 17:02:07,426][train][INFO] - ⏳ No improvement for 3/12 epochs
[2025-11-10 17:02:07,427][train][INFO] - Epoch 5/60
[2025-11-10 17:03:51,736][train][INFO] - 📊 LR: 1.00e-04, Train Loss: 0.7156
[2025-11-10 17:04:05,219][train][INFO] - Val Loss: 0.8817 | accuracy: 0.7228 | precision: 0.7561 | recall: 0.7218 | f1: 0.7250
[2025-11-10 17:04:05,220][train][INFO] - ⏳ No improvement for 4/12 epochs
[2025-11-10 17:04:05,221][train][INFO] - Epoch 6/60
[2025-11-10 17:05:47,860][train][INFO] - 📊 LR: 1.00e-04, Train Loss: 0.7137
[2025-11-10 17:06:01,023][train][INFO] - Val Loss: 0.8470 | accuracy: 0.7306 | precision: 0.7485 | recall: 0.7307 | f1: 0.7308
[2025-11-10 17:06:01,024][train][INFO] - ⏳ No improvement for 5/12 epochs
[2025-11-10 17:06:01,024][train][INFO] - Epoch 7/60
[2025-11-10 17:07:47,329][train][INFO] - 📊 LR: 1.00e-04, Train Loss: 0.7036
[2025-11-10 17:08:00,515][train][INFO] - Val Loss: 0.8734 | accuracy: 0.7044 | precision: 0.7504 | recall: 0.7041 | f1: 0.7119
[2025-11-10 17:08:00,516][train][INFO] - ⏳ No improvement for 6/12 epochs
[2025-11-10 17:08:00,516][train][INFO] - Epoch 8/60
[2025-11-10 17:09:44,387][train][INFO] - 📊 LR: 1.00e-04, Train Loss: 0.7065
[2025-11-10 17:09:57,617][train][INFO] - Val Loss: 0.9324 | accuracy: 0.7122 | precision: 0.7597 | recall: 0.7116 | f1: 0.7132
[2025-11-10 17:09:57,617][train][INFO] - ⏳ No improvement for 7/12 epochs
[2025-11-10 17:09:57,618][train][INFO] - Epoch 9/60
[2025-11-10 17:11:41,545][train][INFO] - 📊 LR: 1.00e-04, Train Loss: 0.7037
[2025-11-10 17:11:54,411][train][INFO] - Val Loss: 0.8290 | accuracy: 0.7311 | precision: 0.7621 | recall: 0.7315 | f1: 0.7347
[2025-11-10 17:11:54,412][train][INFO] - ⏳ No improvement for 8/12 epochs
[2025-11-10 17:11:54,413][train][INFO] - Epoch 10/60
[2025-11-10 17:13:35,761][train][INFO] - 📊 LR: 1.00e-04, Train Loss: 0.6939
[2025-11-10 17:13:48,843][train][INFO] - Val Loss: 0.9304 | accuracy: 0.7017 | precision: 0.7536 | recall: 0.7041 | f1: 0.7068
[2025-11-10 17:13:48,844][train][INFO] - ⏳ No improvement for 9/12 epochs
[2025-11-10 17:13:48,844][train][INFO] - 🔄 Learning Rate updated: 7.00e-05
[2025-11-10 17:13:48,844][train][INFO] - Epoch 11/60
[2025-11-10 17:15:31,234][train][INFO] - 📊 LR: 7.00e-05, Train Loss: 0.6395
[2025-11-10 17:15:44,019][train][INFO] - Val Loss: 0.7863 | accuracy: 0.7389 | precision: 0.7525 | recall: 0.7367 | f1: 0.7380
[2025-11-10 17:15:44,020][train][INFO] - ⏳ No improvement for 10/12 epochs
[2025-11-10 17:15:48,557][train][INFO] - Epoch 12/60
[2025-11-10 17:17:32,942][train][INFO] - 📊 LR: 7.00e-05, Train Loss: 0.6438
[2025-11-10 17:17:46,112][train][INFO] - Val Loss: 0.7484 | accuracy: 0.7567 | precision: 0.7690 | recall: 0.7570 | f1: 0.7569
[2025-11-10 17:17:46,140][train][INFO] - 🏆 New best model! Val Loss: 0.7484
[2025-11-10 17:17:46,141][train][INFO] - Epoch 13/60
[2025-11-10 17:19:28,228][train][INFO] - 📊 LR: 7.00e-05, Train Loss: 0.6425
[2025-11-10 17:19:40,949][train][INFO] - Val Loss: 0.8134 | accuracy: 0.7389 | precision: 0.7631 | recall: 0.7384 | f1: 0.7392
[2025-11-10 17:19:40,950][train][INFO] - ⏳ No improvement for 1/12 epochs
[2025-11-10 17:19:40,950][train][INFO] - Epoch 14/60
[2025-11-10 17:21:21,363][train][INFO] - 📊 LR: 7.00e-05, Train Loss: 0.6289
[2025-11-10 17:21:34,214][train][INFO] - Val Loss: 0.7622 | accuracy: 0.7561 | precision: 0.7701 | recall: 0.7558 | f1: 0.7543
[2025-11-10 17:21:34,215][train][INFO] - ⏳ No improvement for 2/12 epochs
[2025-11-10 17:21:34,216][train][INFO] - Epoch 15/60
[2025-11-10 17:23:14,194][train][INFO] - 📊 LR: 7.00e-05, Train Loss: 0.6459
[2025-11-10 17:23:27,005][train][INFO] - Val Loss: 0.7701 | accuracy: 0.7578 | precision: 0.7803 | recall: 0.7571 | f1: 0.7605
[2025-11-10 17:23:27,006][train][INFO] - ⏳ No improvement for 3/12 epochs
[2025-11-10 17:23:27,006][train][INFO] - Epoch 16/60
[2025-11-10 17:25:07,298][train][INFO] - 📊 LR: 7.00e-05, Train Loss: 0.6321
[2025-11-10 17:25:19,879][train][INFO] - Val Loss: 0.7175 | accuracy: 0.7706 | precision: 0.7881 | recall: 0.7703 | f1: 0.7731
[2025-11-10 17:25:19,912][train][INFO] - 🏆 New best model! Val Loss: 0.7175
[2025-11-10 17:25:20,283][train][INFO] - Epoch 17/60
[2025-11-10 17:27:03,418][train][INFO] - 📊 LR: 7.00e-05, Train Loss: 0.6048
[2025-11-10 17:27:16,289][train][INFO] - Val Loss: 0.7880 | accuracy: 0.7467 | precision: 0.7661 | recall: 0.7452 | f1: 0.7429
[2025-11-10 17:27:16,290][train][INFO] - ⏳ No improvement for 1/12 epochs
[2025-11-10 17:27:16,290][train][INFO] - Epoch 18/60
[2025-11-10 17:28:56,318][train][INFO] - 📊 LR: 7.00e-05, Train Loss: 0.6109
[2025-11-10 17:29:08,876][train][INFO] - Val Loss: 0.7133 | accuracy: 0.7739 | precision: 0.7809 | recall: 0.7745 | f1: 0.7739
[2025-11-10 17:29:08,906][train][INFO] - 🏆 New best model! Val Loss: 0.7133
[2025-11-10 17:29:08,906][train][INFO] - Epoch 19/60
[2025-11-10 17:30:48,653][train][INFO] - 📊 LR: 7.00e-05, Train Loss: 0.5984
[2025-11-10 17:31:01,047][train][INFO] - Val Loss: 0.8447 | accuracy: 0.7294 | precision: 0.7592 | recall: 0.7290 | f1: 0.7219
[2025-11-10 17:31:01,048][train][INFO] - ⏳ No improvement for 1/12 epochs
[2025-11-10 17:31:01,048][train][INFO] - Epoch 20/60
[2025-11-10 17:32:41,324][train][INFO] - 📊 LR: 7.00e-05, Train Loss: 0.5995
[2025-11-10 17:32:54,062][train][INFO] - Val Loss: 0.7364 | accuracy: 0.7683 | precision: 0.7781 | recall: 0.7668 | f1: 0.7690
[2025-11-10 17:32:54,063][train][INFO] - ⏳ No improvement for 2/12 epochs
[2025-11-10 17:32:54,063][train][INFO] - Epoch 21/60
[2025-11-10 17:34:33,518][train][INFO] - 📊 LR: 7.00e-05, Train Loss: 0.5998
[2025-11-10 17:34:46,640][train][INFO] - Val Loss: 0.7641 | accuracy: 0.7539 | precision: 0.7703 | recall: 0.7548 | f1: 0.7552
[2025-11-10 17:34:46,641][train][INFO] - ⏳ No improvement for 3/12 epochs
[2025-11-10 17:34:49,810][train][INFO] - Epoch 22/60
[2025-11-10 17:36:28,747][train][INFO] - 📊 LR: 7.00e-05, Train Loss: 0.6040
[2025-11-10 17:36:41,648][train][INFO] - Val Loss: 0.8091 | accuracy: 0.7478 | precision: 0.7674 | recall: 0.7480 | f1: 0.7443
[2025-11-10 17:36:41,648][train][INFO] - ⏳ No improvement for 4/12 epochs
[2025-11-10 17:36:41,649][train][INFO] - Epoch 23/60
[2025-11-10 17:38:23,460][train][INFO] - 📊 LR: 7.00e-05, Train Loss: 0.5945
[2025-11-10 17:38:36,490][train][INFO] - Val Loss: 0.8790 | accuracy: 0.7156 | precision: 0.7749 | recall: 0.7121 | f1: 0.7226
[2025-11-10 17:38:36,491][train][INFO] - ⏳ No improvement for 5/12 epochs
[2025-11-10 17:38:36,491][train][INFO] - Epoch 24/60
[2025-11-10 17:40:17,370][train][INFO] - 📊 LR: 7.00e-05, Train Loss: 0.5965
[2025-11-10 17:40:30,167][train][INFO] - Val Loss: 0.7715 | accuracy: 0.7494 | precision: 0.7708 | recall: 0.7483 | f1: 0.7511
[2025-11-10 17:40:30,167][train][INFO] - ⏳ No improvement for 6/12 epochs
[2025-11-10 17:40:30,168][train][INFO] - Epoch 25/60
[2025-11-10 17:42:12,394][train][INFO] - 📊 LR: 7.00e-05, Train Loss: 0.5818
[2025-11-10 17:42:24,985][train][INFO] - Val Loss: 0.7636 | accuracy: 0.7550 | precision: 0.7767 | recall: 0.7552 | f1: 0.7574
[2025-11-10 17:42:24,986][train][INFO] - ⏳ No improvement for 7/12 epochs
[2025-11-10 17:42:24,987][train][INFO] - Epoch 26/60
[2025-11-10 17:44:07,086][train][INFO] - 📊 LR: 7.00e-05, Train Loss: 0.5801
[2025-11-10 17:44:20,328][train][INFO] - Val Loss: 0.8061 | accuracy: 0.7511 | precision: 0.7721 | recall: 0.7501 | f1: 0.7520
[2025-11-10 17:44:20,329][train][INFO] - ⏳ No improvement for 8/12 epochs
[2025-11-10 17:44:20,330][train][INFO] - Epoch 27/60
[2025-11-10 17:46:03,706][train][INFO] - 📊 LR: 7.00e-05, Train Loss: 0.5803
[2025-11-10 17:46:16,388][train][INFO] - Val Loss: 0.8257 | accuracy: 0.7444 | precision: 0.7673 | recall: 0.7436 | f1: 0.7439
[2025-11-10 17:46:16,389][train][INFO] - ⏳ No improvement for 9/12 epochs
[2025-11-10 17:46:16,390][train][INFO] - 🔄 Learning Rate updated: 4.90e-05
[2025-11-10 17:46:16,390][train][INFO] - Epoch 28/60
[2025-11-10 17:47:58,628][train][INFO] - 📊 LR: 4.90e-05, Train Loss: 0.5511
[2025-11-10 17:48:11,625][train][INFO] - Val Loss: 0.7638 | accuracy: 0.7639 | precision: 0.7699 | recall: 0.7614 | f1: 0.7600
[2025-11-10 17:48:11,625][train][INFO] - ⏳ No improvement for 10/12 epochs
[2025-11-10 17:48:11,626][train][INFO] - Epoch 29/60
[2025-11-10 17:49:55,384][train][INFO] - 📊 LR: 4.90e-05, Train Loss: 0.5434
[2025-11-10 17:50:08,716][train][INFO] - Val Loss: 0.7075 | accuracy: 0.7756 | precision: 0.7797 | recall: 0.7743 | f1: 0.7745
[2025-11-10 17:50:08,747][train][INFO] - 🏆 New best model! Val Loss: 0.7075
[2025-11-10 17:50:08,747][train][INFO] - Epoch 30/60
[2025-11-10 17:51:50,972][train][INFO] - 📊 LR: 4.90e-05, Train Loss: 0.5402
[2025-11-10 17:52:03,951][train][INFO] - Val Loss: 0.7264 | accuracy: 0.7717 | precision: 0.7844 | recall: 0.7713 | f1: 0.7719
[2025-11-10 17:52:03,952][train][INFO] - ⏳ No improvement for 1/12 epochs
[2025-11-10 17:52:03,953][train][INFO] - Epoch 31/60
[2025-11-10 17:53:43,772][train][INFO] - 📊 LR: 4.90e-05, Train Loss: 0.5347
[2025-11-10 17:53:56,229][train][INFO] - Val Loss: 0.7175 | accuracy: 0.7783 | precision: 0.7918 | recall: 0.7779 | f1: 0.7798
[2025-11-10 17:53:56,229][train][INFO] - ⏳ No improvement for 2/12 epochs
[2025-11-10 17:54:00,194][train][INFO] - Epoch 32/60
[2025-11-10 17:55:38,484][train][INFO] - 📊 LR: 4.90e-05, Train Loss: 0.5396
[2025-11-10 17:55:51,127][train][INFO] - Val Loss: 0.7301 | accuracy: 0.7667 | precision: 0.7896 | recall: 0.7661 | f1: 0.7700
[2025-11-10 17:55:51,128][train][INFO] - ⏳ No improvement for 3/12 epochs
[2025-11-10 17:55:51,129][train][INFO] - Epoch 33/60
[2025-11-10 17:57:29,540][train][INFO] - 📊 LR: 4.90e-05, Train Loss: 0.5208
[2025-11-10 17:57:42,337][train][INFO] - Val Loss: 0.7647 | accuracy: 0.7661 | precision: 0.7740 | recall: 0.7649 | f1: 0.7639
[2025-11-10 17:57:42,338][train][INFO] - ⏳ No improvement for 4/12 epochs
[2025-11-10 17:57:42,338][train][INFO] - Epoch 34/60
[2025-11-10 17:59:23,353][train][INFO] - 📊 LR: 4.90e-05, Train Loss: 0.5181
[2025-11-10 17:59:35,754][train][INFO] - Val Loss: 0.7043 | accuracy: 0.7778 | precision: 0.7801 | recall: 0.7775 | f1: 0.7748
[2025-11-10 17:59:35,782][train][INFO] - 🏆 New best model! Val Loss: 0.7043
[2025-11-10 17:59:35,782][train][INFO] - Epoch 35/60
[2025-11-10 18:01:18,066][train][INFO] - 📊 LR: 4.90e-05, Train Loss: 0.5269
[2025-11-10 18:01:30,946][train][INFO] - Val Loss: 0.6840 | accuracy: 0.7828 | precision: 0.7898 | recall: 0.7824 | f1: 0.7831
[2025-11-10 18:01:30,976][train][INFO] - 🏆 New best model! Val Loss: 0.6840
[2025-11-10 18:01:30,977][train][INFO] - Epoch 36/60
[2025-11-10 18:03:11,895][train][INFO] - 📊 LR: 4.90e-05, Train Loss: 0.5194
[2025-11-10 18:03:24,759][train][INFO] - Val Loss: 0.7301 | accuracy: 0.7744 | precision: 0.7877 | recall: 0.7753 | f1: 0.7768
[2025-11-10 18:03:24,760][train][INFO] - ⏳ No improvement for 1/12 epochs
[2025-11-10 18:03:24,761][train][INFO] - Epoch 37/60
[2025-11-10 18:05:04,165][train][INFO] - 📊 LR: 4.90e-05, Train Loss: 0.5220
[2025-11-10 18:05:17,103][train][INFO] - Val Loss: 0.8413 | accuracy: 0.7306 | precision: 0.7708 | recall: 0.7316 | f1: 0.7334
[2025-11-10 18:05:17,104][train][INFO] - ⏳ No improvement for 2/12 epochs
[2025-11-10 18:05:17,104][train][INFO] - Epoch 38/60
[2025-11-10 18:06:57,940][train][INFO] - 📊 LR: 4.90e-05, Train Loss: 0.5102
[2025-11-10 18:07:10,407][train][INFO] - Val Loss: 0.7238 | accuracy: 0.7678 | precision: 0.7813 | recall: 0.7683 | f1: 0.7691
[2025-11-10 18:07:10,408][train][INFO] - ⏳ No improvement for 3/12 epochs
[2025-11-10 18:07:10,409][train][INFO] - Epoch 39/60
[2025-11-10 18:08:51,791][train][INFO] - 📊 LR: 4.90e-05, Train Loss: 0.5060
[2025-11-10 18:09:04,557][train][INFO] - Val Loss: 0.7322 | accuracy: 0.7678 | precision: 0.7822 | recall: 0.7657 | f1: 0.7641
[2025-11-10 18:09:04,558][train][INFO] - ⏳ No improvement for 4/12 epochs
[2025-11-10 18:09:04,558][train][INFO] - Epoch 40/60
[2025-11-10 18:10:44,560][train][INFO] - 📊 LR: 4.90e-05, Train Loss: 0.4869
[2025-11-10 18:10:57,432][train][INFO] - Val Loss: 0.7179 | accuracy: 0.7711 | precision: 0.7780 | recall: 0.7695 | f1: 0.7695
[2025-11-10 18:10:57,433][train][INFO] - ⏳ No improvement for 5/12 epochs
[2025-11-10 18:10:57,433][train][INFO] - Epoch 41/60
[2025-11-10 18:12:38,608][train][INFO] - 📊 LR: 4.90e-05, Train Loss: 0.5024
[2025-11-10 18:12:51,688][train][INFO] - Val Loss: 0.7013 | accuracy: 0.7794 | precision: 0.7802 | recall: 0.7783 | f1: 0.7779
[2025-11-10 18:12:51,690][train][INFO] - ⏳ No improvement for 6/12 epochs
[2025-11-10 18:12:56,328][train][INFO] - Epoch 42/60
[2025-11-10 18:14:38,694][train][INFO] - 📊 LR: 4.90e-05, Train Loss: 0.5045
[2025-11-10 18:14:51,768][train][INFO] - Val Loss: 0.7211 | accuracy: 0.7783 | precision: 0.7879 | recall: 0.7772 | f1: 0.7780
[2025-11-10 18:14:51,769][train][INFO] - ⏳ No improvement for 7/12 epochs
[2025-11-10 18:14:51,770][train][INFO] - Epoch 43/60
[2025-11-10 18:16:33,688][train][INFO] - 📊 LR: 4.90e-05, Train Loss: 0.4877
[2025-11-10 18:16:46,174][train][INFO] - Val Loss: 0.7662 | accuracy: 0.7578 | precision: 0.7754 | recall: 0.7574 | f1: 0.7593
[2025-11-10 18:16:46,175][train][INFO] - ⏳ No improvement for 8/12 epochs
[2025-11-10 18:16:46,175][train][INFO] - Epoch 44/60
[2025-11-10 18:18:28,182][train][INFO] - 📊 LR: 4.90e-05, Train Loss: 0.4815
[2025-11-10 18:18:41,257][train][INFO] - Val Loss: 0.7251 | accuracy: 0.7672 | precision: 0.7813 | recall: 0.7663 | f1: 0.7687
[2025-11-10 18:18:41,258][train][INFO] - ⏳ No improvement for 9/12 epochs
[2025-11-10 18:18:41,258][train][INFO] - 🔄 Learning Rate updated: 3.43e-05
[2025-11-10 18:18:41,258][train][INFO] - Epoch 45/60
[2025-11-10 18:20:23,886][train][INFO] - 📊 LR: 3.43e-05, Train Loss: 0.4626
[2025-11-10 18:20:36,408][train][INFO] - Val Loss: 0.6995 | accuracy: 0.7839 | precision: 0.7881 | recall: 0.7829 | f1: 0.7821
[2025-11-10 18:20:36,409][train][INFO] - ⏳ No improvement for 10/12 epochs
[2025-11-10 18:20:36,409][train][INFO] - Epoch 46/60
[2025-11-10 18:22:16,992][train][INFO] - 📊 LR: 3.43e-05, Train Loss: 0.4634
[2025-11-10 18:22:29,756][train][INFO] - Val Loss: 0.7387 | accuracy: 0.7689 | precision: 0.7779 | recall: 0.7675 | f1: 0.7663
[2025-11-10 18:22:29,757][train][INFO] - ⏳ No improvement for 11/12 epochs
[2025-11-10 18:22:29,757][train][INFO] - Epoch 47/60
[2025-11-10 18:24:09,867][train][INFO] - 📊 LR: 3.43e-05, Train Loss: 0.4510
[2025-11-10 18:24:22,453][train][INFO] - Val Loss: 0.7084 | accuracy: 0.7756 | precision: 0.7906 | recall: 0.7745 | f1: 0.7788
[2025-11-10 18:24:22,454][train][INFO] - ⏳ No improvement for 12/12 epochs
[2025-11-10 18:24:22,455][train][INFO] - Epoch 48/60
[2025-11-10 18:26:01,571][train][INFO] - 📊 LR: 3.43e-05, Train Loss: 0.4465
[2025-11-10 18:26:14,322][train][INFO] - Val Loss: 0.7201 | accuracy: 0.7728 | precision: 0.7905 | recall: 0.7714 | f1: 0.7756
[2025-11-10 18:26:14,323][train][INFO] - ⏳ No improvement for 13/12 epochs
[2025-11-10 18:26:14,323][train][INFO] - Epoch 49/60
[2025-11-10 18:27:54,394][train][INFO] - 📊 LR: 3.43e-05, Train Loss: 0.4495
[2025-11-10 18:28:06,711][train][INFO] - Val Loss: 0.7024 | accuracy: 0.7850 | precision: 0.7918 | recall: 0.7846 | f1: 0.7831
[2025-11-10 18:28:06,711][train][INFO] - ⏳ No improvement for 14/12 epochs
[2025-11-10 18:28:06,712][train][INFO] - Epoch 50/60
[2025-11-10 18:29:47,170][train][INFO] - 📊 LR: 3.43e-05, Train Loss: 0.4421
[2025-11-10 18:30:00,032][train][INFO] - Val Loss: 0.6881 | accuracy: 0.7833 | precision: 0.8049 | recall: 0.7831 | f1: 0.7867
[2025-11-10 18:30:00,033][train][INFO] - ⏳ No improvement for 15/12 epochs
[2025-11-10 18:30:00,034][train][INFO] - Epoch 51/60
[2025-11-10 18:31:40,149][train][INFO] - 📊 LR: 3.43e-05, Train Loss: 0.4484
[2025-11-10 18:31:53,187][train][INFO] - Val Loss: 0.6764 | accuracy: 0.7861 | precision: 0.7939 | recall: 0.7858 | f1: 0.7875
[2025-11-10 18:31:53,215][train][INFO] - 🏆 New best model! Val Loss: 0.6764
[2025-11-10 18:31:56,255][train][INFO] - Epoch 52/60
[2025-11-10 18:33:37,615][train][INFO] - 📊 LR: 3.43e-05, Train Loss: 0.4505
[2025-11-10 18:33:50,385][train][INFO] - Val Loss: 0.6932 | accuracy: 0.7967 | precision: 0.8009 | recall: 0.7960 | f1: 0.7958
[2025-11-10 18:33:50,386][train][INFO] - ⏳ No improvement for 1/12 epochs
[2025-11-10 18:33:50,387][train][INFO] - Epoch 53/60
[2025-11-10 18:35:32,267][train][INFO] - 📊 LR: 3.43e-05, Train Loss: 0.4460
[2025-11-10 18:35:45,511][train][INFO] - Val Loss: 0.6710 | accuracy: 0.7933 | precision: 0.7942 | recall: 0.7923 | f1: 0.7927
[2025-11-10 18:35:45,562][train][INFO] - 🏆 New best model! Val Loss: 0.6710
[2025-11-10 18:35:45,562][train][INFO] - Epoch 54/60
[2025-11-10 18:37:29,128][train][INFO] - 📊 LR: 3.43e-05, Train Loss: 0.4424
[2025-11-10 18:37:42,041][train][INFO] - Val Loss: 0.6818 | accuracy: 0.7906 | precision: 0.7946 | recall: 0.7894 | f1: 0.7901
[2025-11-10 18:37:42,042][train][INFO] - ⏳ No improvement for 1/12 epochs
[2025-11-10 18:37:42,043][train][INFO] - Epoch 55/60
[2025-11-10 18:39:25,818][train][INFO] - 📊 LR: 3.43e-05, Train Loss: 0.4501
[2025-11-10 18:39:38,760][train][INFO] - Val Loss: 0.6885 | accuracy: 0.7872 | precision: 0.7965 | recall: 0.7868 | f1: 0.7887
[2025-11-10 18:39:38,761][train][INFO] - ⏳ No improvement for 2/12 epochs
[2025-11-10 18:39:38,761][train][INFO] - Epoch 56/60
[2025-11-10 18:41:20,035][train][INFO] - 📊 LR: 3.43e-05, Train Loss: 0.4443
[2025-11-10 18:41:32,843][train][INFO] - Val Loss: 0.7531 | accuracy: 0.7600 | precision: 0.7838 | recall: 0.7595 | f1: 0.7631
[2025-11-10 18:41:32,844][train][INFO] - ⏳ No improvement for 3/12 epochs
[2025-11-10 18:41:32,844][train][INFO] - Epoch 57/60
[2025-11-10 18:43:14,714][train][INFO] - 📊 LR: 3.43e-05, Train Loss: 0.4425
[2025-11-10 18:43:27,245][train][INFO] - Val Loss: 0.7278 | accuracy: 0.7744 | precision: 0.7957 | recall: 0.7745 | f1: 0.7775
[2025-11-10 18:43:27,248][train][INFO] - ⏳ No improvement for 4/12 epochs
[2025-11-10 18:43:27,248][train][INFO] - Epoch 58/60
[2025-11-10 18:45:06,951][train][INFO] - 📊 LR: 3.43e-05, Train Loss: 0.4419
[2025-11-10 18:45:20,046][train][INFO] - Val Loss: 0.7043 | accuracy: 0.7772 | precision: 0.7934 | recall: 0.7773 | f1: 0.7793
[2025-11-10 18:45:20,047][train][INFO] - ⏳ No improvement for 5/12 epochs
[2025-11-10 18:45:20,048][train][INFO] - Epoch 59/60
[2025-11-10 18:47:00,690][train][INFO] - 📊 LR: 3.43e-05, Train Loss: 0.4410
[2025-11-10 18:47:13,627][train][INFO] - Val Loss: 0.6955 | accuracy: 0.7800 | precision: 0.7953 | recall: 0.7793 | f1: 0.7820
[2025-11-10 18:47:13,628][train][INFO] - ⏳ No improvement for 6/12 epochs
[2025-11-10 18:47:13,629][train][INFO] - Epoch 60/60
[2025-11-10 18:48:57,065][train][INFO] - 📊 LR: 3.43e-05, Train Loss: 0.4356
[2025-11-10 18:49:09,799][train][INFO] - Val Loss: 0.7045 | accuracy: 0.7906 | precision: 0.7977 | recall: 0.7905 | f1: 0.7902
[2025-11-10 18:49:09,800][train][INFO] - ⏳ No improvement for 7/12 epochs
[2025-11-10 18:49:09,801][train][INFO] - 🎯 Training completed! Best Val Loss: 0.6710 at epoch 53
