[2025-11-07 18:06:06,617][main][INFO] - 
==================================================
[2025-11-07 18:06:06,621][main][INFO] - ⚙ Текущая конфигурация Hydra:
dataset:
  _target_: src.dataset.FoodDataset
  data_path: ./data/food11
transforms:
  _target_: src.transforms.Transforms
  mean: (0.485, 0.456, 0.406)
  std: (0.229, 0.224, 0.225)
  resize: (224, 224)
dataloader:
  _target_: src.dataloader.BaseDataLoader
  batch_size: 64
  shuffle: true
  num_workers: 4
  pin_memory: false
train:
  num_epoch: 140
model:
  _target_: src.model.ResNet
  num_classes: 43
load_dataset:
  data_path: ./data/food11
  download_path: ./data
  name: imbikramsaha/food11
metrics:
  _target_: src.metrics.ClassificationMetrics
  num_classes: 43
optimizer:
  _target_: src.optimizer.AdamWOptimizer
  lr: 0.0001
  weight_decay: 0.001
scheduler:
  _target_: src.scheduler.ReduceLROnPlateauScheduler
  mode: min
  factor: 0.7
  patience: 5
  threshold: 0.0001
  min_lr: 1.0e-07
log_dir: experiments/exp1
seed: 42

[2025-11-07 18:06:06,621][main][INFO] - ==================================================

[2025-11-07 18:06:06,625][load_data][INFO] - 📦 Скачиваем imbikramsaha/food11 в data/food11.zip ...
[2025-11-07 18:06:32,729][load_data][INFO] - ✅ Загружено: data/food11.zip
[2025-11-07 18:06:32,732][load_data][INFO] - 📂 Распаковка в data/food11 ...
[2025-11-07 18:08:03,943][load_data][INFO] - ✅ Распаковано в: data/food11
[2025-11-07 18:08:32,247][train][INFO] - 📊 TensorBoard logging to: experiments/exp1
[2025-11-07 18:08:42,648][train][INFO] - ✅ Model graph logged to TensorBoard
[2025-11-07 18:08:42,659][train][INFO] - 📌 Model device: cuda:0
[2025-11-07 18:08:42,660][train][INFO] - 📌 Batch device: cuda
[2025-11-07 18:08:42,660][train][INFO] - Epoch 1/140
[2025-11-07 18:10:23,416][train][INFO] - 📊 LR: 1.00e-04, Train Loss: 2.6511
[2025-11-07 18:10:36,487][train][INFO] - Val Loss: 2.4109 | accuracy: 0.2067 | precision: 0.2735 | recall: 0.2037 | f1: 0.1523
[2025-11-07 18:10:36,553][train][INFO] - 🏆 New best model! Val Loss: 2.4109
[2025-11-07 18:10:41,216][train][INFO] - Epoch 2/140
[2025-11-07 18:12:24,510][train][INFO] - 📊 LR: 1.00e-04, Train Loss: 2.0958
[2025-11-07 18:12:36,989][train][INFO] - Val Loss: 1.9344 | accuracy: 0.3500 | precision: 0.3551 | recall: 0.3455 | f1: 0.3223
[2025-11-07 18:12:37,037][train][INFO] - 🏆 New best model! Val Loss: 1.9344
[2025-11-07 18:12:37,037][train][INFO] - Epoch 3/140
[2025-11-07 18:14:18,954][train][INFO] - 📊 LR: 1.00e-04, Train Loss: 1.9557
[2025-11-07 18:14:31,413][train][INFO] - Val Loss: 2.2568 | accuracy: 0.2761 | precision: 0.3741 | recall: 0.2727 | f1: 0.2522
[2025-11-07 18:14:31,415][train][INFO] - ⏳ No improvement for 1/12 epochs
[2025-11-07 18:14:31,416][train][INFO] - Epoch 4/140
[2025-11-07 18:16:13,300][train][INFO] - 📊 LR: 1.00e-04, Train Loss: 1.8644
[2025-11-07 18:16:25,048][train][INFO] - Val Loss: 1.7723 | accuracy: 0.4017 | precision: 0.4234 | recall: 0.3972 | f1: 0.3650
[2025-11-07 18:16:25,082][train][INFO] - 🏆 New best model! Val Loss: 1.7723
[2025-11-07 18:16:25,085][train][INFO] - Epoch 5/140
[2025-11-07 18:18:06,398][train][INFO] - 📊 LR: 1.00e-04, Train Loss: 1.8056
[2025-11-07 18:18:18,389][train][INFO] - Val Loss: 1.7795 | accuracy: 0.3928 | precision: 0.4478 | recall: 0.3868 | f1: 0.3684
[2025-11-07 18:18:18,391][train][INFO] - ⏳ No improvement for 1/12 epochs
[2025-11-07 18:18:18,392][train][INFO] - Epoch 6/140
[2025-11-07 18:20:00,908][train][INFO] - 📊 LR: 1.00e-04, Train Loss: 1.7392
[2025-11-07 18:20:13,888][train][INFO] - Val Loss: 1.6363 | accuracy: 0.4556 | precision: 0.4990 | recall: 0.4518 | f1: 0.4364
[2025-11-07 18:20:13,938][train][INFO] - 🏆 New best model! Val Loss: 1.6363
[2025-11-07 18:20:14,255][train][INFO] - Epoch 7/140
[2025-11-07 18:21:55,157][train][INFO] - 📊 LR: 1.00e-04, Train Loss: 1.6755
[2025-11-07 18:22:07,944][train][INFO] - Val Loss: 1.6138 | accuracy: 0.4611 | precision: 0.5211 | recall: 0.4562 | f1: 0.4500
[2025-11-07 18:22:07,994][train][INFO] - 🏆 New best model! Val Loss: 1.6138
[2025-11-07 18:22:07,995][train][INFO] - Epoch 8/140
[2025-11-07 18:23:48,945][train][INFO] - 📊 LR: 1.00e-04, Train Loss: 1.6254
[2025-11-07 18:24:01,981][train][INFO] - Val Loss: 1.5225 | accuracy: 0.5017 | precision: 0.5263 | recall: 0.4962 | f1: 0.4904
[2025-11-07 18:24:02,012][train][INFO] - 🏆 New best model! Val Loss: 1.5225
[2025-11-07 18:24:02,012][train][INFO] - Epoch 9/140
[2025-11-07 18:25:47,101][train][INFO] - 📊 LR: 1.00e-04, Train Loss: 1.6022
[2025-11-07 18:26:00,153][train][INFO] - Val Loss: 1.4686 | accuracy: 0.4961 | precision: 0.5489 | recall: 0.4919 | f1: 0.4935
[2025-11-07 18:26:00,195][train][INFO] - 🏆 New best model! Val Loss: 1.4686
[2025-11-07 18:26:00,196][train][INFO] - Epoch 10/140
[2025-11-07 18:27:44,299][train][INFO] - 📊 LR: 1.00e-04, Train Loss: 1.5408
[2025-11-07 18:27:57,907][train][INFO] - Val Loss: 1.5053 | accuracy: 0.5022 | precision: 0.5589 | recall: 0.5016 | f1: 0.4974
[2025-11-07 18:27:57,909][train][INFO] - ⏳ No improvement for 1/12 epochs
[2025-11-07 18:27:57,909][train][INFO] - Epoch 11/140
[2025-11-07 18:29:41,979][train][INFO] - 📊 LR: 1.00e-04, Train Loss: 1.5274
[2025-11-07 18:29:54,905][train][INFO] - Val Loss: 1.4864 | accuracy: 0.5189 | precision: 0.5458 | recall: 0.5156 | f1: 0.5158
[2025-11-07 18:29:54,907][train][INFO] - ⏳ No improvement for 2/12 epochs
[2025-11-07 18:30:03,480][train][INFO] - Epoch 12/140
[2025-11-07 18:31:46,591][train][INFO] - 📊 LR: 1.00e-04, Train Loss: 1.4862
[2025-11-07 18:31:59,667][train][INFO] - Val Loss: 1.5529 | accuracy: 0.4756 | precision: 0.5510 | recall: 0.4730 | f1: 0.4627
[2025-11-07 18:31:59,669][train][INFO] - ⏳ No improvement for 3/12 epochs
[2025-11-07 18:31:59,671][train][INFO] - Epoch 13/140
[2025-11-07 18:33:43,187][train][INFO] - 📊 LR: 1.00e-04, Train Loss: 1.4508
[2025-11-07 18:33:56,374][train][INFO] - Val Loss: 1.3223 | accuracy: 0.5550 | precision: 0.5621 | recall: 0.5508 | f1: 0.5442
[2025-11-07 18:33:56,433][train][INFO] - 🏆 New best model! Val Loss: 1.3223
[2025-11-07 18:33:56,433][train][INFO] - Epoch 14/140
[2025-11-07 18:35:39,458][train][INFO] - 📊 LR: 1.00e-04, Train Loss: 1.4376
[2025-11-07 18:35:52,852][train][INFO] - Val Loss: 1.5015 | accuracy: 0.4889 | precision: 0.6102 | recall: 0.4844 | f1: 0.4768
[2025-11-07 18:35:52,853][train][INFO] - ⏳ No improvement for 1/12 epochs
[2025-11-07 18:35:52,854][train][INFO] - Epoch 15/140
[2025-11-07 18:37:35,821][train][INFO] - 📊 LR: 1.00e-04, Train Loss: 1.4022
[2025-11-07 18:37:49,130][train][INFO] - Val Loss: 1.3561 | accuracy: 0.5506 | precision: 0.6346 | recall: 0.5476 | f1: 0.5532
[2025-11-07 18:37:49,132][train][INFO] - ⏳ No improvement for 2/12 epochs
[2025-11-07 18:37:49,132][train][INFO] - Epoch 16/140
[2025-11-07 18:39:33,826][train][INFO] - 📊 LR: 1.00e-04, Train Loss: 1.3906
[2025-11-07 18:39:45,893][train][INFO] - Val Loss: 1.3258 | accuracy: 0.5511 | precision: 0.5866 | recall: 0.5503 | f1: 0.5455
[2025-11-07 18:39:45,896][train][INFO] - ⏳ No improvement for 3/12 epochs
[2025-11-07 18:39:45,897][train][INFO] - Epoch 17/140
[2025-11-07 18:41:27,155][train][INFO] - 📊 LR: 1.00e-04, Train Loss: 1.3543
[2025-11-07 18:41:39,423][train][INFO] - Val Loss: 1.3411 | accuracy: 0.5583 | precision: 0.5907 | recall: 0.5560 | f1: 0.5409
[2025-11-07 18:41:39,424][train][INFO] - ⏳ No improvement for 4/12 epochs
[2025-11-07 18:41:39,425][train][INFO] - Epoch 18/140
[2025-11-07 18:43:22,917][train][INFO] - 📊 LR: 1.00e-04, Train Loss: 1.3086
[2025-11-07 18:43:35,261][train][INFO] - Val Loss: 1.4264 | accuracy: 0.5378 | precision: 0.5940 | recall: 0.5360 | f1: 0.5170
[2025-11-07 18:43:35,262][train][INFO] - ⏳ No improvement for 5/12 epochs
[2025-11-07 18:43:35,263][train][INFO] - Epoch 19/140
[2025-11-07 18:45:17,963][train][INFO] - 📊 LR: 1.00e-04, Train Loss: 1.2951
[2025-11-07 18:45:30,246][train][INFO] - Val Loss: 1.2424 | accuracy: 0.5928 | precision: 0.6271 | recall: 0.5911 | f1: 0.5893
[2025-11-07 18:45:30,285][train][INFO] - 🏆 New best model! Val Loss: 1.2424
[2025-11-07 18:45:30,286][train][INFO] - Epoch 20/140
[2025-11-07 18:47:14,585][train][INFO] - 📊 LR: 1.00e-04, Train Loss: 1.2790
[2025-11-07 18:47:26,741][train][INFO] - Val Loss: 1.3180 | accuracy: 0.5528 | precision: 0.6346 | recall: 0.5490 | f1: 0.5454
[2025-11-07 18:47:26,743][train][INFO] - ⏳ No improvement for 1/12 epochs
[2025-11-07 18:47:26,744][train][INFO] - Epoch 21/140
[2025-11-07 18:49:12,521][train][INFO] - 📊 LR: 1.00e-04, Train Loss: 1.2602
[2025-11-07 18:49:25,255][train][INFO] - Val Loss: 1.2686 | accuracy: 0.5828 | precision: 0.6184 | recall: 0.5786 | f1: 0.5783
[2025-11-07 18:49:25,257][train][INFO] - ⏳ No improvement for 2/12 epochs
[2025-11-07 18:49:31,062][train][INFO] - Epoch 22/140
[2025-11-07 18:51:14,457][train][INFO] - 📊 LR: 1.00e-04, Train Loss: 1.2464
[2025-11-07 18:51:27,287][train][INFO] - Val Loss: 1.2377 | accuracy: 0.5989 | precision: 0.6414 | recall: 0.5975 | f1: 0.5910
[2025-11-07 18:51:27,333][train][INFO] - 🏆 New best model! Val Loss: 1.2377
[2025-11-07 18:51:27,333][train][INFO] - Epoch 23/140
[2025-11-07 18:53:10,713][train][INFO] - 📊 LR: 1.00e-04, Train Loss: 1.2381
[2025-11-07 18:53:24,096][train][INFO] - Val Loss: 1.3999 | accuracy: 0.5367 | precision: 0.6021 | recall: 0.5349 | f1: 0.5159
[2025-11-07 18:53:24,098][train][INFO] - ⏳ No improvement for 1/12 epochs
[2025-11-07 18:53:24,098][train][INFO] - Epoch 24/140
[2025-11-07 18:55:10,271][train][INFO] - 📊 LR: 1.00e-04, Train Loss: 1.2158
[2025-11-07 18:55:22,433][train][INFO] - Val Loss: 1.1638 | accuracy: 0.6344 | precision: 0.6705 | recall: 0.6334 | f1: 0.6362
[2025-11-07 18:55:22,471][train][INFO] - 🏆 New best model! Val Loss: 1.1638
[2025-11-07 18:55:22,472][train][INFO] - Epoch 25/140
[2025-11-07 18:57:04,254][train][INFO] - 📊 LR: 1.00e-04, Train Loss: 1.1943
[2025-11-07 18:57:16,330][train][INFO] - Val Loss: 1.0901 | accuracy: 0.6433 | precision: 0.6710 | recall: 0.6422 | f1: 0.6443
[2025-11-07 18:57:16,366][train][INFO] - 🏆 New best model! Val Loss: 1.0901
[2025-11-07 18:57:16,367][train][INFO] - Epoch 26/140
[2025-11-07 18:59:00,092][train][INFO] - 📊 LR: 1.00e-04, Train Loss: 1.1723
[2025-11-07 18:59:12,408][train][INFO] - Val Loss: 1.1881 | accuracy: 0.6028 | precision: 0.6663 | recall: 0.6028 | f1: 0.6050
[2025-11-07 18:59:12,411][train][INFO] - ⏳ No improvement for 1/12 epochs
[2025-11-07 18:59:12,412][train][INFO] - Epoch 27/140
[2025-11-07 19:00:54,419][train][INFO] - 📊 LR: 1.00e-04, Train Loss: 1.1644
[2025-11-07 19:01:06,449][train][INFO] - Val Loss: 1.1480 | accuracy: 0.6139 | precision: 0.6390 | recall: 0.6117 | f1: 0.6033
[2025-11-07 19:01:06,451][train][INFO] - ⏳ No improvement for 2/12 epochs
[2025-11-07 19:01:06,452][train][INFO] - Epoch 28/140
[2025-11-07 19:02:50,325][train][INFO] - 📊 LR: 1.00e-04, Train Loss: 1.1396
[2025-11-07 19:03:03,654][train][INFO] - Val Loss: 1.1175 | accuracy: 0.6367 | precision: 0.6678 | recall: 0.6342 | f1: 0.6367
[2025-11-07 19:03:03,655][train][INFO] - ⏳ No improvement for 3/12 epochs
[2025-11-07 19:03:03,656][train][INFO] - Epoch 29/140
[2025-11-07 19:04:46,759][train][INFO] - 📊 LR: 1.00e-04, Train Loss: 1.1362
[2025-11-07 19:04:59,921][train][INFO] - Val Loss: 1.0768 | accuracy: 0.6439 | precision: 0.6781 | recall: 0.6403 | f1: 0.6417
[2025-11-07 19:04:59,952][train][INFO] - 🏆 New best model! Val Loss: 1.0768
[2025-11-07 19:04:59,952][train][INFO] - Epoch 30/140
[2025-11-07 19:06:43,805][train][INFO] - 📊 LR: 1.00e-04, Train Loss: 1.1164
[2025-11-07 19:06:57,071][train][INFO] - Val Loss: 1.1770 | accuracy: 0.6183 | precision: 0.7014 | recall: 0.6165 | f1: 0.6173
[2025-11-07 19:06:57,073][train][INFO] - ⏳ No improvement for 1/12 epochs
[2025-11-07 19:06:57,075][train][INFO] - Epoch 31/140
[2025-11-07 19:08:40,892][train][INFO] - 📊 LR: 1.00e-04, Train Loss: 1.1018
[2025-11-07 19:08:54,486][train][INFO] - Val Loss: 1.1484 | accuracy: 0.6172 | precision: 0.6697 | recall: 0.6165 | f1: 0.6162
[2025-11-07 19:08:54,487][train][INFO] - ⏳ No improvement for 2/12 epochs
[2025-11-07 19:09:00,284][train][INFO] - Epoch 32/140
[2025-11-07 19:10:46,399][train][INFO] - 📊 LR: 1.00e-04, Train Loss: 1.0957
[2025-11-07 19:10:59,828][train][INFO] - Val Loss: 1.1552 | accuracy: 0.6256 | precision: 0.6927 | recall: 0.6235 | f1: 0.6238
[2025-11-07 19:10:59,830][train][INFO] - ⏳ No improvement for 3/12 epochs
[2025-11-07 19:10:59,831][train][INFO] - Epoch 33/140
[2025-11-07 19:12:44,876][train][INFO] - 📊 LR: 1.00e-04, Train Loss: 1.0536
[2025-11-07 19:12:57,798][train][INFO] - Val Loss: 1.0845 | accuracy: 0.6511 | precision: 0.7034 | recall: 0.6505 | f1: 0.6514
[2025-11-07 19:12:57,800][train][INFO] - ⏳ No improvement for 4/12 epochs
[2025-11-07 19:12:57,801][train][INFO] - Epoch 34/140
[2025-11-07 19:14:40,402][train][INFO] - 📊 LR: 1.00e-04, Train Loss: 1.0628
[2025-11-07 19:14:53,165][train][INFO] - Val Loss: 1.0478 | accuracy: 0.6567 | precision: 0.6766 | recall: 0.6543 | f1: 0.6495
[2025-11-07 19:14:53,196][train][INFO] - 🏆 New best model! Val Loss: 1.0478
[2025-11-07 19:14:53,196][train][INFO] - Epoch 35/140
[2025-11-07 19:16:35,896][train][INFO] - 📊 LR: 1.00e-04, Train Loss: 1.0485
[2025-11-07 19:16:49,055][train][INFO] - Val Loss: 1.0205 | accuracy: 0.6611 | precision: 0.6812 | recall: 0.6598 | f1: 0.6596
[2025-11-07 19:16:49,085][train][INFO] - 🏆 New best model! Val Loss: 1.0205
[2025-11-07 19:16:49,085][train][INFO] - Epoch 36/140
[2025-11-07 19:18:31,862][train][INFO] - 📊 LR: 1.00e-04, Train Loss: 1.0482
[2025-11-07 19:18:44,966][train][INFO] - Val Loss: 0.9859 | accuracy: 0.6850 | precision: 0.6921 | recall: 0.6843 | f1: 0.6815
[2025-11-07 19:18:44,996][train][INFO] - 🏆 New best model! Val Loss: 0.9859
[2025-11-07 19:18:45,337][train][INFO] - Epoch 37/140
[2025-11-07 19:20:29,109][train][INFO] - 📊 LR: 1.00e-04, Train Loss: 1.0251
[2025-11-07 19:20:42,270][train][INFO] - Val Loss: 1.0638 | accuracy: 0.6506 | precision: 0.6999 | recall: 0.6521 | f1: 0.6495
[2025-11-07 19:20:42,272][train][INFO] - ⏳ No improvement for 1/12 epochs
[2025-11-07 19:20:42,273][train][INFO] - Epoch 38/140
[2025-11-07 19:22:24,947][train][INFO] - 📊 LR: 1.00e-04, Train Loss: 1.0261
[2025-11-07 19:22:38,184][train][INFO] - Val Loss: 1.0039 | accuracy: 0.6828 | precision: 0.7090 | recall: 0.6832 | f1: 0.6840
[2025-11-07 19:22:38,186][train][INFO] - ⏳ No improvement for 2/12 epochs
[2025-11-07 19:22:38,186][train][INFO] - Epoch 39/140
[2025-11-07 19:24:21,454][train][INFO] - 📊 LR: 1.00e-04, Train Loss: 0.9924
[2025-11-07 19:24:34,634][train][INFO] - Val Loss: 1.0674 | accuracy: 0.6411 | precision: 0.6650 | recall: 0.6380 | f1: 0.6141
[2025-11-07 19:24:34,636][train][INFO] - ⏳ No improvement for 3/12 epochs
[2025-11-07 19:24:34,637][train][INFO] - Epoch 40/140
[2025-11-07 19:26:21,112][train][INFO] - 📊 LR: 1.00e-04, Train Loss: 1.0023
[2025-11-07 19:26:32,956][train][INFO] - Val Loss: 1.0409 | accuracy: 0.6478 | precision: 0.6945 | recall: 0.6442 | f1: 0.6519
[2025-11-07 19:26:32,958][train][INFO] - ⏳ No improvement for 4/12 epochs
[2025-11-07 19:26:32,961][train][INFO] - Epoch 41/140
[2025-11-07 19:28:15,419][train][INFO] - 📊 LR: 1.00e-04, Train Loss: 0.9780
[2025-11-07 19:28:27,191][train][INFO] - Val Loss: 0.9477 | accuracy: 0.6917 | precision: 0.7017 | recall: 0.6895 | f1: 0.6896
[2025-11-07 19:28:27,224][train][INFO] - 🏆 New best model! Val Loss: 0.9477
[2025-11-07 19:28:34,058][train][INFO] - Epoch 42/140
[2025-11-07 19:30:17,020][train][INFO] - 📊 LR: 1.00e-04, Train Loss: 0.9775
[2025-11-07 19:30:30,143][train][INFO] - Val Loss: 0.9554 | accuracy: 0.6839 | precision: 0.7116 | recall: 0.6828 | f1: 0.6888
[2025-11-07 19:30:30,145][train][INFO] - ⏳ No improvement for 1/12 epochs
[2025-11-07 19:30:30,145][train][INFO] - Epoch 43/140
[2025-11-07 19:32:11,217][train][INFO] - 📊 LR: 1.00e-04, Train Loss: 0.9657
[2025-11-07 19:32:24,430][train][INFO] - Val Loss: 0.9745 | accuracy: 0.6867 | precision: 0.7322 | recall: 0.6870 | f1: 0.6928
[2025-11-07 19:32:24,432][train][INFO] - ⏳ No improvement for 2/12 epochs
[2025-11-07 19:32:24,432][train][INFO] - Epoch 44/140
[2025-11-07 19:34:07,264][train][INFO] - 📊 LR: 1.00e-04, Train Loss: 0.9580
[2025-11-07 19:34:20,365][train][INFO] - Val Loss: 0.9667 | accuracy: 0.6811 | precision: 0.7114 | recall: 0.6800 | f1: 0.6789
[2025-11-07 19:34:20,367][train][INFO] - ⏳ No improvement for 3/12 epochs
[2025-11-07 19:34:20,367][train][INFO] - Epoch 45/140
[2025-11-07 19:36:03,627][train][INFO] - 📊 LR: 1.00e-04, Train Loss: 0.9402
[2025-11-07 19:36:16,381][train][INFO] - Val Loss: 1.0059 | accuracy: 0.6706 | precision: 0.7112 | recall: 0.6674 | f1: 0.6700
[2025-11-07 19:36:16,382][train][INFO] - ⏳ No improvement for 4/12 epochs
[2025-11-07 19:36:16,383][train][INFO] - Epoch 46/140
[2025-11-07 19:37:59,603][train][INFO] - 📊 LR: 1.00e-04, Train Loss: 0.9390
[2025-11-07 19:38:12,245][train][INFO] - Val Loss: 1.0903 | accuracy: 0.6456 | precision: 0.6780 | recall: 0.6458 | f1: 0.6279
[2025-11-07 19:38:12,246][train][INFO] - ⏳ No improvement for 5/12 epochs
[2025-11-07 19:38:12,247][train][INFO] - Epoch 47/140
[2025-11-07 19:39:56,328][train][INFO] - 📊 LR: 1.00e-04, Train Loss: 0.9234
[2025-11-07 19:40:08,589][train][INFO] - Val Loss: 0.9948 | accuracy: 0.6739 | precision: 0.7284 | recall: 0.6703 | f1: 0.6766
[2025-11-07 19:40:08,591][train][INFO] - ⏳ No improvement for 6/12 epochs
[2025-11-07 19:40:08,592][train][INFO] - 🔄 Learning Rate updated: 7.00e-05
[2025-11-07 19:40:08,592][train][INFO] - Epoch 48/140
[2025-11-07 19:41:53,735][train][INFO] - 📊 LR: 7.00e-05, Train Loss: 0.8732
[2025-11-07 19:42:06,930][train][INFO] - Val Loss: 0.9628 | accuracy: 0.6833 | precision: 0.7496 | recall: 0.6835 | f1: 0.6921
[2025-11-07 19:42:06,933][train][INFO] - ⏳ No improvement for 7/12 epochs
[2025-11-07 19:42:06,935][train][INFO] - Epoch 49/140
[2025-11-07 19:43:50,501][train][INFO] - 📊 LR: 7.00e-05, Train Loss: 0.8640
[2025-11-07 19:44:03,433][train][INFO] - Val Loss: 0.9879 | accuracy: 0.6856 | precision: 0.7189 | recall: 0.6850 | f1: 0.6848
[2025-11-07 19:44:03,435][train][INFO] - ⏳ No improvement for 8/12 epochs
[2025-11-07 19:44:03,435][train][INFO] - Epoch 50/140
[2025-11-07 19:45:44,419][train][INFO] - 📊 LR: 7.00e-05, Train Loss: 0.8683
[2025-11-07 19:45:57,212][train][INFO] - Val Loss: 0.8897 | accuracy: 0.7122 | precision: 0.7602 | recall: 0.7108 | f1: 0.7220
[2025-11-07 19:45:57,244][train][INFO] - 🏆 New best model! Val Loss: 0.8897
[2025-11-07 19:45:57,244][train][INFO] - Epoch 51/140
[2025-11-07 19:47:39,216][train][INFO] - 📊 LR: 7.00e-05, Train Loss: 0.8452
[2025-11-07 19:47:52,581][train][INFO] - Val Loss: 0.9674 | accuracy: 0.6894 | precision: 0.7289 | recall: 0.6897 | f1: 0.6890
[2025-11-07 19:47:52,582][train][INFO] - ⏳ No improvement for 1/12 epochs
[2025-11-07 19:47:57,196][train][INFO] - Epoch 52/140
[2025-11-07 19:49:40,414][train][INFO] - 📊 LR: 7.00e-05, Train Loss: 0.8443
[2025-11-07 19:49:53,319][train][INFO] - Val Loss: 0.9456 | accuracy: 0.6789 | precision: 0.7274 | recall: 0.6791 | f1: 0.6785
[2025-11-07 19:49:53,321][train][INFO] - ⏳ No improvement for 2/12 epochs
[2025-11-07 19:49:53,321][train][INFO] - Epoch 53/140
[2025-11-07 19:51:37,123][train][INFO] - 📊 LR: 7.00e-05, Train Loss: 0.8336
[2025-11-07 19:51:50,076][train][INFO] - Val Loss: 0.8360 | accuracy: 0.7339 | precision: 0.7426 | recall: 0.7317 | f1: 0.7306
[2025-11-07 19:51:50,108][train][INFO] - 🏆 New best model! Val Loss: 0.8360
[2025-11-07 19:51:50,108][train][INFO] - Epoch 54/140
[2025-11-07 19:53:33,954][train][INFO] - 📊 LR: 7.00e-05, Train Loss: 0.8273
[2025-11-07 19:53:46,626][train][INFO] - Val Loss: 0.8936 | accuracy: 0.7061 | precision: 0.7302 | recall: 0.7050 | f1: 0.7066
[2025-11-07 19:53:46,628][train][INFO] - ⏳ No improvement for 1/12 epochs
[2025-11-07 19:53:46,629][train][INFO] - Epoch 55/140
[2025-11-07 19:55:32,716][train][INFO] - 📊 LR: 7.00e-05, Train Loss: 0.8111
[2025-11-07 19:55:45,993][train][INFO] - Val Loss: 0.8308 | accuracy: 0.7317 | precision: 0.7455 | recall: 0.7300 | f1: 0.7325
[2025-11-07 19:55:46,025][train][INFO] - 🏆 New best model! Val Loss: 0.8308
[2025-11-07 19:55:46,025][train][INFO] - Epoch 56/140
[2025-11-07 19:57:32,434][train][INFO] - 📊 LR: 7.00e-05, Train Loss: 0.8177
[2025-11-07 19:57:45,491][train][INFO] - Val Loss: 1.0227 | accuracy: 0.6756 | precision: 0.7165 | recall: 0.6730 | f1: 0.6739
[2025-11-07 19:57:45,492][train][INFO] - ⏳ No improvement for 1/12 epochs
[2025-11-07 19:57:45,493][train][INFO] - Epoch 57/140
[2025-11-07 19:59:28,176][train][INFO] - 📊 LR: 7.00e-05, Train Loss: 0.8237
[2025-11-07 19:59:41,070][train][INFO] - Val Loss: 0.8306 | accuracy: 0.7272 | precision: 0.7477 | recall: 0.7252 | f1: 0.7298
[2025-11-07 19:59:41,102][train][INFO] - 🏆 New best model! Val Loss: 0.8306
[2025-11-07 19:59:41,102][train][INFO] - Epoch 58/140
[2025-11-07 20:01:23,423][train][INFO] - 📊 LR: 7.00e-05, Train Loss: 0.7867
[2025-11-07 20:01:36,247][train][INFO] - Val Loss: 0.8815 | accuracy: 0.7122 | precision: 0.7501 | recall: 0.7106 | f1: 0.7159
[2025-11-07 20:01:36,248][train][INFO] - ⏳ No improvement for 1/12 epochs
[2025-11-07 20:01:36,249][train][INFO] - Epoch 59/140
[2025-11-07 20:03:18,995][train][INFO] - 📊 LR: 7.00e-05, Train Loss: 0.8091
[2025-11-07 20:03:32,301][train][INFO] - Val Loss: 0.9076 | accuracy: 0.7011 | precision: 0.7476 | recall: 0.6989 | f1: 0.6980
[2025-11-07 20:03:32,302][train][INFO] - ⏳ No improvement for 2/12 epochs
[2025-11-07 20:03:32,303][train][INFO] - Epoch 60/140
[2025-11-07 20:05:15,882][train][INFO] - 📊 LR: 7.00e-05, Train Loss: 0.7786
[2025-11-07 20:05:29,181][train][INFO] - Val Loss: 0.8731 | accuracy: 0.7167 | precision: 0.7558 | recall: 0.7154 | f1: 0.7204
[2025-11-07 20:05:29,183][train][INFO] - ⏳ No improvement for 3/12 epochs
[2025-11-07 20:05:29,183][train][INFO] - Epoch 61/140
[2025-11-07 20:07:12,836][train][INFO] - 📊 LR: 7.00e-05, Train Loss: 0.7718
[2025-11-07 20:07:25,837][train][INFO] - Val Loss: 0.8262 | accuracy: 0.7200 | precision: 0.7477 | recall: 0.7183 | f1: 0.7230
[2025-11-07 20:07:25,866][train][INFO] - 🏆 New best model! Val Loss: 0.8262
[2025-11-07 20:07:32,907][train][INFO] - Epoch 62/140
[2025-11-07 20:09:16,547][train][INFO] - 📊 LR: 7.00e-05, Train Loss: 0.7683
[2025-11-07 20:09:29,806][train][INFO] - Val Loss: 0.8577 | accuracy: 0.7261 | precision: 0.7468 | recall: 0.7261 | f1: 0.7293
[2025-11-07 20:09:29,808][train][INFO] - ⏳ No improvement for 1/12 epochs
[2025-11-07 20:09:29,809][train][INFO] - Epoch 63/140
[2025-11-07 20:11:14,057][train][INFO] - 📊 LR: 7.00e-05, Train Loss: 0.7739
[2025-11-07 20:11:27,224][train][INFO] - Val Loss: 0.8822 | accuracy: 0.7222 | precision: 0.7482 | recall: 0.7219 | f1: 0.7240
[2025-11-07 20:11:27,226][train][INFO] - ⏳ No improvement for 2/12 epochs
[2025-11-07 20:11:27,226][train][INFO] - Epoch 64/140
[2025-11-07 20:13:09,745][train][INFO] - 📊 LR: 7.00e-05, Train Loss: 0.7744
[2025-11-07 20:13:22,705][train][INFO] - Val Loss: 0.8544 | accuracy: 0.7144 | precision: 0.7283 | recall: 0.7127 | f1: 0.7153
[2025-11-07 20:13:22,707][train][INFO] - ⏳ No improvement for 3/12 epochs
[2025-11-07 20:13:22,708][train][INFO] - Epoch 65/140
[2025-11-07 20:15:04,338][train][INFO] - 📊 LR: 7.00e-05, Train Loss: 0.7475
[2025-11-07 20:15:17,038][train][INFO] - Val Loss: 0.8141 | accuracy: 0.7411 | precision: 0.7629 | recall: 0.7412 | f1: 0.7446
[2025-11-07 20:15:17,074][train][INFO] - 🏆 New best model! Val Loss: 0.8141
[2025-11-07 20:15:17,075][train][INFO] - Epoch 66/140
[2025-11-07 20:16:59,178][train][INFO] - 📊 LR: 7.00e-05, Train Loss: 0.7493
[2025-11-07 20:17:12,423][train][INFO] - Val Loss: 0.9059 | accuracy: 0.7061 | precision: 0.7429 | recall: 0.7067 | f1: 0.7102
[2025-11-07 20:17:12,425][train][INFO] - ⏳ No improvement for 1/12 epochs
[2025-11-07 20:17:12,425][train][INFO] - Epoch 67/140
[2025-11-07 20:18:55,934][train][INFO] - 📊 LR: 7.00e-05, Train Loss: 0.7390
[2025-11-07 20:19:09,191][train][INFO] - Val Loss: 0.8549 | accuracy: 0.7139 | precision: 0.7430 | recall: 0.7130 | f1: 0.7185
[2025-11-07 20:19:09,193][train][INFO] - ⏳ No improvement for 2/12 epochs
[2025-11-07 20:19:09,193][train][INFO] - Epoch 68/140
[2025-11-07 20:20:53,962][train][INFO] - 📊 LR: 7.00e-05, Train Loss: 0.7397
[2025-11-07 20:21:06,336][train][INFO] - Val Loss: 0.9343 | accuracy: 0.6917 | precision: 0.7292 | recall: 0.6913 | f1: 0.6892
[2025-11-07 20:21:06,339][train][INFO] - ⏳ No improvement for 3/12 epochs
[2025-11-07 20:21:06,340][train][INFO] - Epoch 69/140
[2025-11-07 20:22:49,854][train][INFO] - 📊 LR: 7.00e-05, Train Loss: 0.7227
[2025-11-07 20:23:02,221][train][INFO] - Val Loss: 0.9061 | accuracy: 0.7056 | precision: 0.7320 | recall: 0.7035 | f1: 0.7038
[2025-11-07 20:23:02,223][train][INFO] - ⏳ No improvement for 4/12 epochs
[2025-11-07 20:23:02,225][train][INFO] - Epoch 70/140
[2025-11-07 20:24:46,105][train][INFO] - 📊 LR: 7.00e-05, Train Loss: 0.7292
[2025-11-07 20:24:58,991][train][INFO] - Val Loss: 0.8824 | accuracy: 0.7167 | precision: 0.7634 | recall: 0.7147 | f1: 0.7215
[2025-11-07 20:24:58,992][train][INFO] - ⏳ No improvement for 5/12 epochs
[2025-11-07 20:24:58,993][train][INFO] - Epoch 71/140
[2025-11-07 20:26:41,885][train][INFO] - 📊 LR: 7.00e-05, Train Loss: 0.7013
[2025-11-07 20:26:55,210][train][INFO] - Val Loss: 0.8088 | accuracy: 0.7411 | precision: 0.7564 | recall: 0.7399 | f1: 0.7432
[2025-11-07 20:26:55,243][train][INFO] - 🏆 New best model! Val Loss: 0.8088
[2025-11-07 20:27:02,237][train][INFO] - Epoch 72/140
[2025-11-07 20:28:44,983][train][INFO] - 📊 LR: 7.00e-05, Train Loss: 0.7060
[2025-11-07 20:28:57,300][train][INFO] - Val Loss: 0.8173 | accuracy: 0.7328 | precision: 0.7610 | recall: 0.7316 | f1: 0.7351
[2025-11-07 20:28:57,302][train][INFO] - ⏳ No improvement for 1/12 epochs
[2025-11-07 20:28:57,303][train][INFO] - Epoch 73/140
[2025-11-07 20:30:38,986][train][INFO] - 📊 LR: 7.00e-05, Train Loss: 0.7044
[2025-11-07 20:30:51,767][train][INFO] - Val Loss: 0.8295 | accuracy: 0.7256 | precision: 0.7546 | recall: 0.7244 | f1: 0.7304
[2025-11-07 20:30:51,769][train][INFO] - ⏳ No improvement for 2/12 epochs
[2025-11-07 20:30:51,769][train][INFO] - Epoch 74/140
[2025-11-07 20:32:35,906][train][INFO] - 📊 LR: 7.00e-05, Train Loss: 0.7030
[2025-11-07 20:32:48,047][train][INFO] - Val Loss: 0.8875 | accuracy: 0.7144 | precision: 0.7539 | recall: 0.7157 | f1: 0.7182
[2025-11-07 20:32:48,051][train][INFO] - ⏳ No improvement for 3/12 epochs
[2025-11-07 20:32:48,052][train][INFO] - Epoch 75/140
[2025-11-07 20:34:32,362][train][INFO] - 📊 LR: 7.00e-05, Train Loss: 0.6934
[2025-11-07 20:34:45,090][train][INFO] - Val Loss: 0.8680 | accuracy: 0.7222 | precision: 0.7487 | recall: 0.7223 | f1: 0.7230
[2025-11-07 20:34:45,092][train][INFO] - ⏳ No improvement for 4/12 epochs
[2025-11-07 20:34:45,093][train][INFO] - Epoch 76/140
